app/build/outputs/logs/manifest-merger-debug-report.txt
-- Merging decision tree log ---
manifest
ADDED from src/main/AndroidManifest.xml:2:1-157:12
	package
		ADDED from src/main/AndroidManifest.xml:3:5-37
		INJECTED from src/main/AndroidManifest.xml
		INJECTED from src/main/AndroidManifest.xml
	android:versionName
		INJECTED from src/main/AndroidManifest.xml
		INJECTED from src/main/AndroidManifest.xml
	xmlns:android
		ADDED from src/main/AndroidManifest.xml:2:11-69
	android:versionCode
		INJECTED from src/main/AndroidManifest.xml
		INJECTED from src/main/AndroidManifest.xml
uses-permission#android.permission.CALL_PHONE
ADDED from src/main/AndroidManifest.xml:5:5-69
	android:name
		ADDED from src/main/AndroidManifest.xml:5:22-66
uses-permission#android.permission.INTERNET
ADDED from src/main/AndroidManifest.xml:6:5-67
MERGED from [com.daimajia.slider:library:1.1.5] AndroidManifest.xml:11:5-67
MERGED from [com.google.firebase:firebase-analytics:10.0.1] AndroidManifest.xml:20:5-66
MERGED from [com.google.firebase:firebase-analytics-impl:10.0.1] AndroidManifest.xml:20:5-66
MERGED from [com.google.firebase:firebase-iid:10.0.1] AndroidManifest.xml:20:5-66
	android:name
		ADDED from src/main/AndroidManifest.xml:6:22-64
uses-permission#android.permission.READ_EXTERNAL_STORAGE
ADDED from src/main/AndroidManifest.xml:7:5-80
	android:name
		ADDED from src/main/AndroidManifest.xml:7:22-77
uses-permission#android.permission.WRITE_EXTERNAL_STORAGE
ADDED from src/main/AndroidManifest.xml:8:5-81
MERGED from [com.daimajia.slider:library:1.1.5] AndroidManifest.xml:12:5-81
	android:name
		ADDED from src/main/AndroidManifest.xml:8:22-78
uses-permission#android.permission.ACCESS_FINE_LOCATION
ADDED from src/main/AndroidManifest.xml:9:5-79
	android:name
		ADDED from src/main/AndroidManifest.xml:9:22-76
uses-permission#android.permission.ACCESS_COARSE_LOCATION
ADDED from src/main/AndroidManifest.xml:10:5-81
	android:name
		ADDED from src/main/AndroidManifest.xml:10:22-78
uses-permission#android.permission.ACCESS_NETWORK_STATE
ADDED from src/main/AndroidManifest.xml:11:5-79
MERGED from [com.google.firebase:firebase-analytics:10.0.1] AndroidManifest.xml:21:5-78
MERGED from [com.google.firebase:firebase-analytics-impl:10.0.1] AndroidManifest.xml:21:5-78
MERGED from [com.google.firebase:firebase-iid:10.0.1] AndroidManifest.xml:19:5-78
	android:name
		ADDED from src/main/AndroidManifest.xml:11:22-76
application
ADDED from src/main/AndroidManifest.xml:13:5-155:19
MERGED from [com.jpardogo.materialtabstrip:library:1.1.0] AndroidManifest.xml:9:5-20
MERGED from [com.android.support:design:23.2.0] AndroidManifest.xml:22:5-20
MERGED from [com.android.support:cardview-v7:23.3.0] AndroidManifest.xml:22:5-20
MERGED from [com.android.support:appcompat-v7:23.3.0] AndroidManifest.xml:25:5-20
MERGED from [com.android.support:animated-vector-drawable:23.3.0] AndroidManifest.xml:7:5-20
MERGED from [com.android.support:support-vector-drawable:23.3.0] AndroidManifest.xml:7:5-20
MERGED from [com.mikhaellopez:circularimageview:3.0.1] AndroidManifest.xml:11:5-13:38
MERGED from [com.mikepenz:google-material-typeface:2.2.0.3.original] AndroidManifest.xml:27:5-20
MERGED from [com.mikepenz:material-design-iconic-typeface:2.2.0.2] AndroidManifest.xml:27:5-20
MERGED from [com.mikepenz:octicons-typeface:3.2.0.2] AndroidManifest.xml:27:5-20
MERGED from [com.mikepenz:meteocons-typeface:1.1.0.2] AndroidManifest.xml:27:5-20
MERGED from [com.mikepenz:community-material-typeface:1.7.22.1] AndroidManifest.xml:28:5-20
MERGED from [com.mikepenz:weather-icons-typeface:2.0.10.2] AndroidManifest.xml:27:5-20
MERGED from [com.mikepenz:typeicons-typeface:2.0.7.2] AndroidManifest.xml:27:5-20
MERGED from [com.mikepenz:entypo-typeface:1.0.0.2] AndroidManifest.xml:27:5-20
MERGED from [com.google.firebase:firebase-messaging:10.0.1] AndroidManifest.xml:19:5-29:19
MERGED from [com.mikepenz:devicon-typeface:2.0.0.2] AndroidManifest.xml:27:5-20
MERGED from [com.mikepenz:foundation-icons-typeface:3.0.0.2] AndroidManifest.xml:27:5-20
MERGED from [com.mikepenz:ionicons-typeface:2.0.1.2] AndroidManifest.xml:27:5-20
MERGED from [com.google.firebase:firebase-core:10.0.1] AndroidManifest.xml:5:5-20
MERGED from [com.google.firebase:firebase-analytics:10.0.1] AndroidManifest.xml:24:5-33:19
MERGED from [com.google.firebase:firebase-analytics-impl:10.0.1] AndroidManifest.xml:24:5-28:19
MERGED from [com.google.firebase:firebase-iid:10.0.1] AndroidManifest.xml:28:5-50:19
MERGED from [com.google.firebase:firebase-common:10.0.1] AndroidManifest.xml:4:5-7:19
MERGED from [com.google.android.gms:play-services-tasks:10.0.1] AndroidManifest.xml:4:5-19
MERGED from [com.google.android.gms:play-services-basement:10.0.1] AndroidManifest.xml:19:5-21:19
MERGED from [com.android.support:support-v4:24.0.0] AndroidManifest.xml:25:5-20
	android:label
		ADDED from src/main/AndroidManifest.xml:16:9-41
	android:supportsRtl
		ADDED from [com.mikhaellopez:circularimageview:3.0.1] AndroidManifest.xml:13:9-35
	android:allowBackup
		ADDED from src/main/AndroidManifest.xml:14:9-35
	android:icon
		ADDED from src/main/AndroidManifest.xml:15:9-43
	android:largeHeap
		ADDED from src/main/AndroidManifest.xml:17:9-33
	android:theme
		ADDED from src/main/AndroidManifest.xml:18:9-46
activity#corp.burenz.expertouch.activities.Registrations
ADDED from src/main/AndroidManifest.xml:21:9-25:68
	android:screenOrientation
		ADDED from src/main/AndroidManifest.xml:24:13-49
	android:hardwareAccelerated
		ADDED from src/main/AndroidManifest.xml:23:13-48
	android:windowSoftInputMode
		ADDED from src/main/AndroidManifest.xml:25:13-65
	android:name
		ADDED from src/main/AndroidManifest.xml:22:13-53
activity#corp.burenz.expertouch.activities.MainFrame
ADDED from src/main/AndroidManifest.xml:27:9-30:57
	android:screenOrientation
		ADDED from src/main/AndroidManifest.xml:29:13-49
	android:windowSoftInputMode
		ADDED from src/main/AndroidManifest.xml:30:13-54
	android:name
		ADDED from src/main/AndroidManifest.xml:28:13-49
activity#corp.burenz.expertouch.activities.WelcomeActivity
ADDED from src/main/AndroidManifest.xml:31:9-39:20
	android:screenOrientation
		ADDED from src/main/AndroidManifest.xml:33:13-49
	android:name
		ADDED from src/main/AndroidManifest.xml:32:13-55
intent-filter#android.intent.action.MAIN+android.intent.category.LAUNCHER
ADDED from src/main/AndroidManifest.xml:34:13-38:29
action#android.intent.action.MAIN
ADDED from src/main/AndroidManifest.xml:35:17-69
	android:name
		ADDED from src/main/AndroidManifest.xml:35:25-66
category#android.intent.category.LAUNCHER
ADDED from src/main/AndroidManifest.xml:37:17-77
	android:name
		ADDED from src/main/AndroidManifest.xml:37:27-74
activity#corp.burenz.expertouch.util.CallPermissions
ADDED from src/main/AndroidManifest.xml:43:9-58
	android:name
		ADDED from src/main/AndroidManifest.xml:43:19-55
activity#corp.burenz.expertouch.activities.ExpertDetails
ADDED from src/main/AndroidManifest.xml:44:9-47:69
	android:screenOrientation
		ADDED from src/main/AndroidManifest.xml:46:13-49
	android:label
		ADDED from src/main/AndroidManifest.xml:47:13-66
	android:name
		ADDED from src/main/AndroidManifest.xml:45:13-53
activity#corp.burenz.expertouch.activities.MoreDetails
ADDED from src/main/AndroidManifest.xml:48:9-50:51
	android:screenOrientation
		ADDED from src/main/AndroidManifest.xml:50:13-49
	android:name
		ADDED from src/main/AndroidManifest.xml:49:13-51
activity#corp.burenz.expertouch.activities.SkilledExperts
ADDED from src/main/AndroidManifest.xml:51:9-53:52
	android:screenOrientation
		ADDED from src/main/AndroidManifest.xml:53:13-49
	android:name
		ADDED from src/main/AndroidManifest.xml:52:13-54
activity#corp.burenz.expertouch.activities.Jobs
ADDED from src/main/AndroidManifest.xml:54:9-59:20
	android:screenOrientation
		ADDED from src/main/AndroidManifest.xml:57:13-49
	android:label
		ADDED from src/main/AndroidManifest.xml:56:13-56
	android:windowSoftInputMode
		ADDED from src/main/AndroidManifest.xml:58:13-70
	android:name
		ADDED from src/main/AndroidManifest.xml:55:13-44
activity#corp.burenz.expertouch.activities.Hire
ADDED from src/main/AndroidManifest.xml:61:9-63:52
	android:screenOrientation
		ADDED from src/main/AndroidManifest.xml:63:13-49
	android:name
		ADDED from src/main/AndroidManifest.xml:62:13-44
activity#corp.burenz.expertouch.activities.Profile
ADDED from src/main/AndroidManifest.xml:64:9-67:62
	android:screenOrientation
		ADDED from src/main/AndroidManifest.xml:66:13-49
	android:label
		ADDED from src/main/AndroidManifest.xml:67:13-59
	android:name
		ADDED from src/main/AndroidManifest.xml:65:13-47
activity#corp.burenz.expertouch.activities.OwnChoice
ADDED from src/main/AndroidManifest.xml:68:9-71:42
	android:screenOrientation
		ADDED from src/main/AndroidManifest.xml:70:13-49
	android:label
		ADDED from src/main/AndroidManifest.xml:71:13-39
	android:name
		ADDED from src/main/AndroidManifest.xml:69:13-49
activity#corp.burenz.expertouch.activities.Filter
ADDED from src/main/AndroidManifest.xml:72:9-75:15
	android:screenOrientation
		ADDED from src/main/AndroidManifest.xml:73:13-49
	android:name
		ADDED from src/main/AndroidManifest.xml:72:19-52
activity#corp.burenz.expertouch.activities.XpertRegistration
ADDED from src/main/AndroidManifest.xml:76:9-79:76
	android:screenOrientation
		ADDED from src/main/AndroidManifest.xml:78:13-49
	android:windowSoftInputMode
		ADDED from src/main/AndroidManifest.xml:79:13-73
	android:name
		ADDED from src/main/AndroidManifest.xml:77:13-57
activity#corp.burenz.expertouch.activities.CompanyProfile
ADDED from src/main/AndroidManifest.xml:80:9-83:70
	android:screenOrientation
		ADDED from src/main/AndroidManifest.xml:82:13-49
	android:label
		ADDED from src/main/AndroidManifest.xml:83:13-67
	android:name
		ADDED from src/main/AndroidManifest.xml:81:13-54
activity#corp.burenz.expertouch.activities.PostAdd
ADDED from src/main/AndroidManifest.xml:84:9-87:76
	android:screenOrientation
		ADDED from src/main/AndroidManifest.xml:86:13-49
	android:windowSoftInputMode
		ADDED from src/main/AndroidManifest.xml:87:13-73
	android:name
		ADDED from src/main/AndroidManifest.xml:85:13-47
activity#corp.burenz.expertouch.activities.MyCompany
ADDED from src/main/AndroidManifest.xml:88:9-91:65
	android:screenOrientation
		ADDED from src/main/AndroidManifest.xml:90:13-49
	android:label
		ADDED from src/main/AndroidManifest.xml:91:13-62
	android:name
		ADDED from src/main/AndroidManifest.xml:89:13-49
activity#corp.burenz.expertouch.activities.RegisterCompany
ADDED from src/main/AndroidManifest.xml:92:9-95:76
	android:screenOrientation
		ADDED from src/main/AndroidManifest.xml:94:13-49
	android:windowSoftInputMode
		ADDED from src/main/AndroidManifest.xml:95:13-73
	android:name
		ADDED from src/main/AndroidManifest.xml:93:13-55
activity#corp.burenz.expertouch.activities.UpdateApp
ADDED from src/main/AndroidManifest.xml:96:9-98:51
	android:screenOrientation
		ADDED from src/main/AndroidManifest.xml:98:13-49
	android:name
		ADDED from src/main/AndroidManifest.xml:97:13-49
activity#corp.burenz.expertouch.activities.MyFavouritesActivity
ADDED from src/main/AndroidManifest.xml:99:9-102:15
	android:screenOrientation
		ADDED from src/main/AndroidManifest.xml:101:13-49
	android:name
		ADDED from src/main/AndroidManifest.xml:100:13-60
activity#corp.burenz.expertouch.activities.MyCalls
ADDED from src/main/AndroidManifest.xml:103:9-104:52
	android:screenOrientation
		ADDED from src/main/AndroidManifest.xml:104:13-49
	android:name
		ADDED from src/main/AndroidManifest.xml:103:19-53
activity#corp.burenz.expertouch.activities.SettingsActivity
ADDED from src/main/AndroidManifest.xml:105:9-109:76
	android:screenOrientation
		ADDED from src/main/AndroidManifest.xml:108:13-49
	android:label
		ADDED from src/main/AndroidManifest.xml:107:13-62
	android:windowSoftInputMode
		ADDED from src/main/AndroidManifest.xml:109:13-73
	android:name
		ADDED from src/main/AndroidManifest.xml:106:13-56
activity#corp.burenz.expertouch.activities.FeedbackActivity
ADDED from src/main/AndroidManifest.xml:110:9-113:76
	android:screenOrientation
		ADDED from src/main/AndroidManifest.xml:112:13-49
	android:windowSoftInputMode
		ADDED from src/main/AndroidManifest.xml:113:13-73
	android:name
		ADDED from src/main/AndroidManifest.xml:111:13-56
activity#corp.burenz.expertouch.activities.HelpCenter
ADDED from src/main/AndroidManifest.xml:114:9-59
	android:name
		ADDED from src/main/AndroidManifest.xml:114:19-56
activity#corp.burenz.expertouch.activities.AddMissingExpertise
ADDED from src/main/AndroidManifest.xml:115:9-118:76
	android:screenOrientation
		ADDED from src/main/AndroidManifest.xml:117:13-49
	android:windowSoftInputMode
		ADDED from src/main/AndroidManifest.xml:118:13-73
	android:name
		ADDED from src/main/AndroidManifest.xml:116:13-59
activity#corp.burenz.expertouch.activities.MyIntroActivity
ADDED from src/main/AndroidManifest.xml:119:9-121:15
	android:screenOrientation
		ADDED from src/main/AndroidManifest.xml:120:13-49
	android:name
		ADDED from src/main/AndroidManifest.xml:119:19-61
activity#corp.burenz.expertouch.activities.VerifyCompany
ADDED from src/main/AndroidManifest.xml:122:9-125:76
	android:screenOrientation
		ADDED from src/main/AndroidManifest.xml:124:13-49
	android:windowSoftInputMode
		ADDED from src/main/AndroidManifest.xml:125:13-73
	android:name
		ADDED from src/main/AndroidManifest.xml:123:13-53
activity#corp.burenz.expertouch.activities.MyCompanyPosts
ADDED from src/main/AndroidManifest.xml:126:9-63
	android:name
		ADDED from src/main/AndroidManifest.xml:126:19-60
activity#corp.burenz.expertouch.activities.ReportCompany
ADDED from src/main/AndroidManifest.xml:127:9-130:76
	android:screenOrientation
		ADDED from src/main/AndroidManifest.xml:129:13-49
	android:windowSoftInputMode
		ADDED from src/main/AndroidManifest.xml:130:13-73
	android:name
		ADDED from src/main/AndroidManifest.xml:128:13-53
activity#corp.burenz.expertouch.activities.Buket
ADDED from src/main/AndroidManifest.xml:131:9-54
	android:name
		ADDED from src/main/AndroidManifest.xml:131:19-51
activity#corp.burenz.expertouch.activities.TermsOfService
ADDED from src/main/AndroidManifest.xml:132:9-135:71
	android:screenOrientation
		ADDED from src/main/AndroidManifest.xml:133:13-49
	android:label
		ADDED from src/main/AndroidManifest.xml:135:13-68
	android:name
		ADDED from src/main/AndroidManifest.xml:134:13-54
activity#corp.burenz.expertouch.activities.Workshop
ADDED from src/main/AndroidManifest.xml:137:9-66
	android:name
		ADDED from src/main/AndroidManifest.xml:137:19-54
service#corp.burenz.expertouch.service.MyFirebaseInstanceIDService
ADDED from src/main/AndroidManifest.xml:139:9-144:19
	android:name
		ADDED from src/main/AndroidManifest.xml:140:13-64
intent-filter#com.google.firebase.INSTANCE_ID_EVENT
ADDED from src/main/AndroidManifest.xml:141:13-143:29
action#com.google.firebase.INSTANCE_ID_EVENT
ADDED from src/main/AndroidManifest.xml:142:17-79
	android:name
		ADDED from src/main/AndroidManifest.xml:142:25-77
service#corp.burenz.expertouch.service.MyFirebaseMessagingService
ADDED from src/main/AndroidManifest.xml:146:9-151:19
	android:name
		ADDED from src/main/AndroidManifest.xml:147:13-63
intent-filter#com.google.firebase.MESSAGING_EVENT
ADDED from src/main/AndroidManifest.xml:148:13-150:29
action#com.google.firebase.MESSAGING_EVENT
ADDED from src/main/AndroidManifest.xml:149:17-77
	android:name
		ADDED from src/main/AndroidManifest.xml:149:25-75
uses-sdk
INJECTED from src/main/AndroidManifest.xml reason: use-sdk injection requested
MERGED from [com.github.florent37:materialviewpager:1.2.0] AndroidManifest.xml:7:5-9:41
MERGED from [com.jpardogo.materialtabstrip:library:1.1.0] AndroidManifest.xml:5:5-7:41
MERGED from [com.github.ksoichiro:android-observablescrollview:1.6.0] AndroidManifest.xml:21:5-43
MERGED from [uk.co.samuelwall:material-tap-target-prompt:1.6.3] AndroidManifest.xml:23:5-25:41
MERGED from [com.android.support:design:23.2.0] AndroidManifest.xml:20:5-43
MERGED from [com.android.support:cardview-v7:23.3.0] AndroidManifest.xml:20:5-43
MERGED from [com.android.support:recyclerview-v7:23.3.0] AndroidManifest.xml:20:5-43
MERGED from [com.github.recruit-lifestyle:WaveSwipeRefreshLayout:1.6] AndroidManifest.xml:8:5-10:41
MERGED from [com.android.support:appcompat-v7:23.3.0] AndroidManifest.xml:21:5-23:78
MERGED from [com.android.support:animated-vector-drawable:23.3.0] AndroidManifest.xml:5:5-44
MERGED from [com.android.support:support-vector-drawable:23.3.0] AndroidManifest.xml:5:5-43
MERGED from [com.mikhaellopez:circularimageview:3.0.1] AndroidManifest.xml:7:5-9:41
MERGED from [com.mikepenz:iconics-core:2.8.2] AndroidManifest.xml:8:5-10:41
MERGED from [com.mikepenz:google-material-typeface:2.2.0.3.original] AndroidManifest.xml:23:5-25:41
MERGED from [com.mikepenz:material-design-iconic-typeface:2.2.0.2] AndroidManifest.xml:23:5-25:41
MERGED from [com.mikepenz:fontawesome-typeface:4.7.0.0] AndroidManifest.xml:8:5-10:41
MERGED from [com.mikepenz:octicons-typeface:3.2.0.2] AndroidManifest.xml:23:5-25:41
MERGED from [com.mikepenz:meteocons-typeface:1.1.0.2] AndroidManifest.xml:23:5-25:41
MERGED from [com.mikepenz:community-material-typeface:1.7.22.1] AndroidManifest.xml:24:5-26:41
MERGED from [com.mikepenz:weather-icons-typeface:2.0.10.2] AndroidManifest.xml:23:5-25:41
MERGED from [com.mikepenz:typeicons-typeface:2.0.7.2] AndroidManifest.xml:23:5-25:41
MERGED from [com.mikepenz:entypo-typeface:1.0.0.2] AndroidManifest.xml:23:5-25:41
MERGED from [com.daimajia.slider:library:1.1.5] AndroidManifest.xml:7:5-9:41
MERGED from [com.google.firebase:firebase-messaging:10.0.1] AndroidManifest.xml:17:5-42
MERGED from [com.mikepenz:devicon-typeface:2.0.0.2] AndroidManifest.xml:23:5-25:41
MERGED from [com.mikepenz:foundation-icons-typeface:3.0.0.2] AndroidManifest.xml:23:5-25:41
MERGED from [com.mikepenz:ionicons-typeface:2.0.1.2] AndroidManifest.xml:23:5-25:41
MERGED from [com.google.firebase:firebase-core:10.0.1] AndroidManifest.xml:4:5-42
MERGED from [com.google.firebase:firebase-analytics:10.0.1] AndroidManifest.xml:17:5-42
MERGED from [com.google.firebase:firebase-analytics-impl:10.0.1] AndroidManifest.xml:17:5-42
MERGED from [com.google.firebase:firebase-iid:10.0.1] AndroidManifest.xml:17:5-42
MERGED from [com.google.firebase:firebase-common:10.0.1] AndroidManifest.xml:3:5-42
MERGED from [com.google.android.gms:play-services-tasks:10.0.1] AndroidManifest.xml:3:5-42
MERGED from [com.google.android.gms:play-services-basement:10.0.1] AndroidManifest.xml:17:5-42
MERGED from [com.android.support:support-v4:24.0.0] AndroidManifest.xml:21:5-23:54
	tools:overrideLibrary
		ADDED from [com.android.support:appcompat-v7:23.3.0] AndroidManifest.xml:23:9-75
	android:targetSdkVersion
		INJECTED from src/main/AndroidManifest.xml
		INJECTED from src/main/AndroidManifest.xml
	android:minSdkVersion
		INJECTED from src/main/AndroidManifest.xml
		INJECTED from src/main/AndroidManifest.xml
service#com.google.firebase.messaging.FirebaseMessagingService
ADDED from [com.google.firebase:firebase-messaging:10.0.1] AndroidManifest.xml:23:9-27:19
	android:exported
		ADDED from [com.google.firebase:firebase-messaging:10.0.1] AndroidManifest.xml:23:88-111
	android:name
		ADDED from [com.google.firebase:firebase-messaging:10.0.1] AndroidManifest.xml:23:18-87
uses-permission#android.permission.WAKE_LOCK
ADDED from [com.google.firebase:firebase-analytics:10.0.1] AndroidManifest.xml:22:5-67
MERGED from [com.google.firebase:firebase-analytics-impl:10.0.1] AndroidManifest.xml:22:5-67
MERGED from [com.google.firebase:firebase-iid:10.0.1] AndroidManifest.xml:21:5-67
	android:name
		ADDED from [com.google.firebase:firebase-analytics:10.0.1] AndroidManifest.xml:22:22-65
receiver#com.google.android.gms.measurement.AppMeasurementReceiver
ADDED from [com.google.firebase:firebase-analytics:10.0.1] AndroidManifest.xml:25:7-26:18
MERGED from [com.google.firebase:firebase-analytics-impl:10.0.1] AndroidManifest.xml:25:7-26:18
	android:enabled
		ADDED from [com.google.firebase:firebase-analytics:10.0.1] AndroidManifest.xml:25:90-112
	android:exported
		ADDED from [com.google.firebase:firebase-analytics:10.0.1] AndroidManifest.xml:25:113-137
	android:name
		ADDED from [com.google.firebase:firebase-analytics:10.0.1] AndroidManifest.xml:25:17-89
receiver#com.google.android.gms.measurement.AppMeasurementInstallReferrerReceiver
ADDED from [com.google.firebase:firebase-analytics:10.0.1] AndroidManifest.xml:27:7-31:18
	android:enabled
		ADDED from [com.google.firebase:firebase-analytics:10.0.1] AndroidManifest.xml:27:162-184
	android:permission
		ADDED from [com.google.firebase:firebase-analytics:10.0.1] AndroidManifest.xml:27:105-161
	android:name
		ADDED from [com.google.firebase:firebase-analytics:10.0.1] AndroidManifest.xml:27:17-104
intent-filter#com.android.vending.INSTALL_REFERRER
ADDED from [com.google.firebase:firebase-analytics:10.0.1] AndroidManifest.xml:28:11-30:27
action#com.android.vending.INSTALL_REFERRER
ADDED from [com.google.firebase:firebase-analytics:10.0.1] AndroidManifest.xml:29:15-76
	android:name
		ADDED from [com.google.firebase:firebase-analytics:10.0.1] AndroidManifest.xml:29:23-74
service#com.google.android.gms.measurement.AppMeasurementService
ADDED from [com.google.firebase:firebase-analytics:10.0.1] AndroidManifest.xml:32:7-137
MERGED from [com.google.firebase:firebase-analytics-impl:10.0.1] AndroidManifest.xml:27:7-137
	android:enabled
		ADDED from [com.google.firebase:firebase-analytics:10.0.1] AndroidManifest.xml:32:88-110
	android:exported
		ADDED from [com.google.firebase:firebase-analytics:10.0.1] AndroidManifest.xml:32:111-135
	android:name
		ADDED from [com.google.firebase:firebase-analytics:10.0.1] AndroidManifest.xml:32:16-87
uses-permission#com.google.android.c2dm.permission.RECEIVE
ADDED from [com.google.firebase:firebase-iid:10.0.1] AndroidManifest.xml:22:5-81
	android:name
		ADDED from [com.google.firebase:firebase-iid:10.0.1] AndroidManifest.xml:22:22-79
permission#${applicationId}.permission.C2D_MESSAGE
ADDED from [com.google.firebase:firebase-iid:10.0.1] AndroidManifest.xml:24:5-109
	android:protectionLevel
		ADDED from [com.google.firebase:firebase-iid:10.0.1] AndroidManifest.xml:24:72-107
	android:name
		ADDED from [com.google.firebase:firebase-iid:10.0.1] AndroidManifest.xml:24:17-71
uses-permission#${applicationId}.permission.C2D_MESSAGE
ADDED from [com.google.firebase:firebase-iid:10.0.1] AndroidManifest.xml:26:5-78
	android:name
		ADDED from [com.google.firebase:firebase-iid:10.0.1] AndroidManifest.xml:26:22-76
receiver#com.google.firebase.iid.FirebaseInstanceIdReceiver
ADDED from [com.google.firebase:firebase-iid:10.0.1] AndroidManifest.xml:30:9-36:20
	android:exported
		ADDED from [com.google.firebase:firebase-iid:10.0.1] AndroidManifest.xml:30:85-108
	android:permission
		ADDED from [com.google.firebase:firebase-iid:10.0.1] AndroidManifest.xml:30:109-169
	android:name
		ADDED from [com.google.firebase:firebase-iid:10.0.1] AndroidManifest.xml:30:19-84
intent-filter#${applicationId}+com.google.android.c2dm.intent.RECEIVE+com.google.android.c2dm.intent.REGISTRATION
ADDED from [com.google.firebase:firebase-iid:10.0.1] AndroidManifest.xml:31:13-35:29
action#com.google.android.c2dm.intent.RECEIVE
ADDED from [com.google.firebase:firebase-iid:10.0.1] AndroidManifest.xml:32:17-80
	android:name
		ADDED from [com.google.firebase:firebase-iid:10.0.1] AndroidManifest.xml:32:25-78
action#com.google.android.c2dm.intent.REGISTRATION
ADDED from [com.google.firebase:firebase-iid:10.0.1] AndroidManifest.xml:33:17-85
	android:name
		ADDED from [com.google.firebase:firebase-iid:10.0.1] AndroidManifest.xml:33:25-83
category#${applicationId}
ADDED from [com.google.firebase:firebase-iid:10.0.1] AndroidManifest.xml:34:17-60
	android:name
		ADDED from [com.google.firebase:firebase-iid:10.0.1] AndroidManifest.xml:34:27-58
receiver#com.google.firebase.iid.FirebaseInstanceIdInternalReceiver
ADDED from [com.google.firebase:firebase-iid:10.0.1] AndroidManifest.xml:40:9-119
	android:exported
		ADDED from [com.google.firebase:firebase-iid:10.0.1] AndroidManifest.xml:40:93-117
	android:name
		ADDED from [com.google.firebase:firebase-iid:10.0.1] AndroidManifest.xml:40:19-92
service#com.google.firebase.iid.FirebaseInstanceIdService
ADDED from [com.google.firebase:firebase-iid:10.0.1] AndroidManifest.xml:44:9-48:19
	android:exported
		ADDED from [com.google.firebase:firebase-iid:10.0.1] AndroidManifest.xml:44:83-106
	android:name
		ADDED from [com.google.firebase:firebase-iid:10.0.1] AndroidManifest.xml:44:18-82
provider#com.google.firebase.provider.FirebaseInitProvider
ADDED from [com.google.firebase:firebase-common:10.0.1] AndroidManifest.xml:6:9-194
	android:authorities
		ADDED from [com.google.firebase:firebase-common:10.0.1] AndroidManifest.xml:6:19-78
	android:exported
		ADDED from [com.google.firebase:firebase-common:10.0.1] AndroidManifest.xml:6:144-168
	android:initOrder
		ADDED from [com.google.firebase:firebase-common:10.0.1] AndroidManifest.xml:6:169-192
	android:name
		ADDED from [com.google.firebase:firebase-common:10.0.1] AndroidManifest.xml:6:79-143
meta-data#com.google.android.gms.version
ADDED from [com.google.android.gms:play-services-basement:10.0.1] AndroidManifest.xml:20:9-121
	android:value
		ADDED from [com.google.android.gms:play-services-basement:10.0.1] AndroidManifest.xml:20:66-119
	android:name
		ADDED from [com.google.android.gms:play-services-basement:10.0.1] AndroidManifest.xml:20:20-65